[2024-02-27 22:20:45] [ INFO  ] [BD:33] Conexion fallida
[2024-02-27 22:20:45] [ INFO  ] [BD:55] Se guardaron los datos exitosamente
[2024-02-27 22:20:45] [ INFO  ] [BD:55] Se guardaron los datos exitosamente
[2024-02-27 22:20:45] [ INFO  ] [BD:55] Se guardaron los datos exitosamente
[2024-02-27 22:20:45] [ INFO  ] [BD:55] Se guardaron los datos exitosamente
[2024-02-27 22:20:45] [ ERROR ] [BD:157] Se encontraron 0 odontologos registrados.
[2024-02-27 22:22:24] [ INFO  ] [BD:29] Conexion existosa
[2024-02-27 22:22:24] [ INFO  ] [BD:55] Se guardaron los datos exitosamente
[2024-02-27 22:22:24] [ INFO  ] [BD:55] Se guardaron los datos exitosamente
[2024-02-27 22:22:24] [ INFO  ] [BD:55] Se guardaron los datos exitosamente
[2024-02-27 22:22:24] [ INFO  ] [BD:55] Se guardaron los datos exitosamente
[2024-02-27 22:22:24] [ ERROR ] [BD:157] Se encontraron 4 odontologos registrados.
[2024-02-27 22:25:29] [ INFO  ] [BD:29] Conexion existosa
[2024-02-27 22:25:29] [ INFO  ] [BD:55] Se guardaron los datos exitosamente
[2024-02-27 22:25:29] [ INFO  ] [BD:55] Se guardaron los datos exitosamente
[2024-02-27 22:25:29] [ INFO  ] [BD:55] Se guardaron los datos exitosamente
[2024-02-27 22:25:29] [ INFO  ] [BD:55] Se guardaron los datos exitosamente
[2024-02-27 22:25:29] [ ERROR ] [BD:158] Se encontraron 4 odontologos registrados.
[2024-02-27 22:48:27] [ INFO  ] [BD:55] Se guardaron los datos exitosamente
[2024-02-27 22:48:27] [ INFO  ] [BD:55] Se guardaron los datos exitosamente
[2024-02-27 22:48:27] [ ERROR ] [BD:158] Se encontraron 6 odontologos registrados.
[2024-02-27 22:52:03] [ INFO  ] [BD:55] Se guardaron los datos exitosamente
[2024-02-27 22:52:03] [ INFO  ] [BD:55] Se guardaron los datos exitosamente
[2024-02-27 22:52:03] [ ERROR ] [BD:158] Se encontraron 8 odontologos registrados.
[2024-02-27 22:57:38] [ INFO  ] [BD:82] Se eliminaron los datos exitosamente
[2024-02-27 22:57:38] [ INFO  ] [BD:82] Se eliminaron los datos exitosamente
[2024-02-27 22:57:38] [ INFO  ] [BD:82] Se eliminaron los datos exitosamente
[2024-02-27 22:57:38] [ INFO  ] [BD:82] Se eliminaron los datos exitosamente
[2024-02-27 22:57:38] [ INFO  ] [BD:82] Se eliminaron los datos exitosamente
[2024-02-27 22:57:38] [ INFO  ] [BD:82] Se eliminaron los datos exitosamente
[2024-02-27 22:57:38] [ INFO  ] [BD:82] Se eliminaron los datos exitosamente
[2024-02-27 22:57:48] [ INFO  ] [BD:82] Se eliminaron los datos exitosamente
[2024-02-27 22:57:49] [ INFO  ] [BD:82] Se eliminaron los datos exitosamente
[2024-02-27 22:57:49] [ INFO  ] [BD:82] Se eliminaron los datos exitosamente
[2024-02-27 22:57:49] [ INFO  ] [BD:82] Se eliminaron los datos exitosamente
[2024-02-27 22:57:49] [ INFO  ] [BD:82] Se eliminaron los datos exitosamente
[2024-02-27 22:57:49] [ INFO  ] [BD:82] Se eliminaron los datos exitosamente
[2024-02-27 22:57:49] [ INFO  ] [BD:82] Se eliminaron los datos exitosamente
[2024-02-27 23:10:45] [ INFO  ] [BD:54] Se guardaron los datos exitosamente
[2024-02-27 23:10:45] [ INFO  ] [BD:54] Se guardaron los datos exitosamente
[2024-02-27 23:11:07] [ INFO  ] [BD:54] Se guardaron los datos exitosamente
[2024-02-27 23:11:07] [ INFO  ] [BD:54] Se guardaron los datos exitosamente
[2024-02-27 23:13:43] [ INFO  ] [BD:54] Se guardaron los datos exitosamente
[2024-02-27 23:13:43] [ INFO  ] [BD:54] Se guardaron los datos exitosamente
[2024-02-27 23:13:43] [ ERROR ] [BD:157] Se encontraron 0 odontologos registrados.
[2024-02-27 23:13:51] [ INFO  ] [BD:54] Se guardaron los datos exitosamente
[2024-02-27 23:13:51] [ INFO  ] [BD:54] Se guardaron los datos exitosamente
[2024-02-27 23:13:51] [ ERROR ] [BD:157] Se encontraron 4 odontologos registrados.
[2024-02-27 23:16:29] [ INFO  ] [BD:54] Se guardaron los datos exitosamente
[2024-02-27 23:16:29] [ INFO  ] [BD:54] Se guardaron los datos exitosamente
[2024-02-27 23:16:46] [ INFO  ] [BD:54] Se guardaron los datos exitosamente
[2024-02-27 23:16:47] [ INFO  ] [BD:54] Se guardaron los datos exitosamente
[2024-02-27 23:18:16] [ INFO  ] [BD:81] Se eliminaron los datos exitosamente
[2024-02-27 23:18:16] [ INFO  ] [BD:81] Se eliminaron los datos exitosamente
[2024-02-27 23:18:16] [ INFO  ] [BD:81] Se eliminaron los datos exitosamente
[2024-02-27 23:18:16] [ INFO  ] [BD:81] Se eliminaron los datos exitosamente
[2024-02-27 23:18:16] [ INFO  ] [BD:81] Se eliminaron los datos exitosamente
[2024-02-27 23:18:16] [ INFO  ] [BD:81] Se eliminaron los datos exitosamente
[2024-02-27 23:18:16] [ INFO  ] [BD:81] Se eliminaron los datos exitosamente
[2024-02-27 23:18:55] [ INFO  ] [BD:81] Se eliminaron los datos exitosamente
[2024-02-27 23:18:55] [ INFO  ] [BD:81] Se eliminaron los datos exitosamente
[2024-02-27 23:18:55] [ INFO  ] [BD:81] Se eliminaron los datos exitosamente
[2024-02-27 23:18:55] [ INFO  ] [BD:81] Se eliminaron los datos exitosamente
[2024-02-27 23:18:55] [ INFO  ] [BD:81] Se eliminaron los datos exitosamente
[2024-02-27 23:18:55] [ INFO  ] [BD:81] Se eliminaron los datos exitosamente
[2024-02-27 23:18:55] [ INFO  ] [BD:81] Se eliminaron los datos exitosamente
[2024-02-27 23:19:14] [ INFO  ] [BD:81] Se eliminaron los datos exitosamente
[2024-02-27 23:19:14] [ INFO  ] [BD:81] Se eliminaron los datos exitosamente
[2024-02-27 23:19:35] [ INFO  ] [BD:54] Se guardaron los datos exitosamente
[2024-02-27 23:19:35] [ INFO  ] [BD:54] Se guardaron los datos exitosamente
